TN:
SF:src/modules/appointments/services/CreateAppointmentService.ts
FN:13,(anonymous_18)
FN:14,CreateAppointmentService
FN:23,(anonymous_20)
FNF:3
FNH:3
FNDA:1,(anonymous_18)
FNDA:5,CreateAppointmentService
FNDA:6,(anonymous_20)
DA:1,1
DA:2,1
DA:6,1
DA:13,1
DA:16,5
DA:18,5
DA:23,6
DA:25,6
DA:27,6
DA:28,4
DA:30,2
DA:31,1
DA:34,1
DA:35,0
DA:38,1
DA:41,1
DA:42,0
DA:45,1
DA:50,1
DA:52,2
DA:56,1
DA:58,1
DA:60,1
LF:23
LH:21
BRDA:27,0,0,4
BRDA:27,0,1,2
BRDA:30,1,0,1
BRDA:30,1,1,1
BRDA:34,2,0,0
BRDA:34,2,1,1
BRDA:34,3,0,1
BRDA:34,3,1,1
BRDA:41,4,0,0
BRDA:41,4,1,1
BRF:10
BRH:8
end_of_record
TN:
SF:src/modules/appointments/services/ListProviderAppointmentsService.ts
FN:15,(anonymous_17)
FN:16,ListProviderAppointmentsService
FN:20,(anonymous_19)
FNF:3
FNH:3
FNDA:1,(anonymous_17)
FNDA:1,ListProviderAppointmentsService
FNDA:1,(anonymous_19)
DA:1,1
DA:15,1
DA:18,1
DA:20,1
DA:21,1
DA:27,1
DA:32,1
LF:7
LH:7
BRDA:21,0,0,1
BRF:1
BRH:1
end_of_record
TN:
SF:src/modules/appointments/services/ListProviderDayAvailabilityService.ts
FN:19,(anonymous_17)
FN:20,ListProviderDayAvailabilityService
FN:24,(anonymous_19)
FN:36,(anonymous_22)
FN:39,(anonymous_23)
FN:41,(anonymous_24)
FNF:6
FNH:6
FNDA:1,(anonymous_17)
FNDA:1,ListProviderDayAvailabilityService
FNDA:1,(anonymous_19)
FNDA:10,(anonymous_22)
FNDA:10,(anonymous_23)
FNDA:19,(anonymous_24)
DA:1,1
DA:2,1
DA:19,1
DA:22,1
DA:24,1
DA:25,1
DA:32,1
DA:34,1
DA:36,10
DA:38,1
DA:39,1
DA:40,10
DA:41,19
DA:44,10
DA:45,10
DA:51,1
DA:55,1
LF:17
LH:17
BRDA:25,0,0,1
BRDA:47,1,0,10
BRDA:47,1,1,8
BRF:3
BRH:3
end_of_record
TN:
SF:src/modules/appointments/services/ListProviderMonthAvailabilityService.ts
FN:17,(anonymous_17)
FN:18,ListProviderMonthAvailabilityService
FN:22,(anonymous_19)
FN:32,(anonymous_22)
FN:34,(anonymous_23)
FN:35,(anonymous_24)
FNF:6
FNH:6
FNDA:1,(anonymous_17)
FNDA:1,ListProviderMonthAvailabilityService
FNDA:1,(anonymous_19)
FNDA:31,(anonymous_22)
FNDA:31,(anonymous_23)
FNDA:341,(anonymous_24)
DA:1,1
DA:2,1
DA:17,1
DA:20,1
DA:22,1
DA:23,1
DA:29,1
DA:30,1
DA:32,31
DA:34,1
DA:35,31
DA:36,341
DA:38,31
DA:43,1
DA:47,1
LF:15
LH:15
BRDA:23,0,0,1
BRF:1
BRH:1
end_of_record
TN:
SF:src/modules/appointments/services/ListProvidersService.ts
FN:13,(anonymous_17)
FN:14,ListProvidersService
FN:18,(anonymous_19)
FNF:3
FNH:3
FNDA:1,(anonymous_17)
FNDA:1,ListProvidersService
FNDA:1,(anonymous_19)
DA:1,1
DA:13,1
DA:16,1
DA:18,1
DA:19,1
DA:24,1
DA:28,1
LF:7
LH:7
BRDA:19,0,0,1
BRF:1
BRH:1
end_of_record
TN:
SF:src/modules/users/services/AuthenticateUserService.ts
FN:17,(anonymous_18)
FN:18,AuthenticateUserService
FN:24,(anonymous_20)
FNF:3
FNH:3
FNDA:1,(anonymous_18)
FNDA:3,AuthenticateUserService
FNDA:3,(anonymous_20)
DA:2,1
DA:4,1
DA:6,1
DA:17,1
DA:20,3
DA:22,3
DA:24,3
DA:25,3
DA:26,3
DA:27,1
DA:29,2
DA:31,2
DA:32,1
DA:35,1
DA:39,1
DA:44,1
LF:16
LH:16
BRDA:25,0,0,3
BRDA:26,1,0,1
BRDA:26,1,1,2
BRDA:31,2,0,1
BRDA:31,2,1,1
BRF:5
BRH:5
end_of_record
TN:
SF:src/modules/users/services/CreateUserService.ts
FN:15,(anonymous_18)
FN:16,CreateUserService
FN:22,(anonymous_20)
FNF:3
FNH:3
FNDA:2,(anonymous_18)
FNDA:5,CreateUserService
FNDA:5,(anonymous_20)
DA:2,2
DA:6,2
DA:15,2
DA:18,5
DA:20,5
DA:22,5
DA:24,5
DA:25,5
DA:26,1
DA:28,4
DA:29,4
DA:35,4
DA:37,2
LF:13
LH:13
BRDA:24,0,0,5
BRDA:25,1,0,1
BRDA:25,1,1,4
BRF:3
BRH:3
end_of_record
TN:
SF:src/modules/users/services/ResetPasswordService.ts
FN:14,(anonymous_18)
FN:15,ResetPasswordService
FN:24,(anonymous_20)
FNF:3
FNH:3
FNDA:1,(anonymous_18)
FNDA:4,ResetPasswordService
FNDA:4,(anonymous_20)
DA:2,1
DA:3,1
DA:6,1
DA:14,1
DA:17,4
DA:19,4
DA:21,4
DA:24,4
DA:25,4
DA:26,4
DA:27,2
DA:29,2
DA:30,2
DA:32,2
DA:33,1
DA:36,1
DA:37,1
DA:38,0
DA:40,1
DA:41,2
DA:43,1
LF:21
LH:20
BRDA:25,0,0,4
BRDA:26,1,0,2
BRDA:26,1,1,2
BRDA:32,2,0,1
BRDA:32,2,1,1
BRDA:37,3,0,0
BRDA:37,3,1,1
BRF:7
BRH:6
end_of_record
TN:
SF:src/modules/users/services/SendForgotPasswordEmailService.ts
FN:12,(anonymous_18)
FN:13,SendForgotPasswordEmailService
FN:22,(anonymous_20)
FNF:3
FNH:3
FNDA:1,(anonymous_18)
FNDA:3,SendForgotPasswordEmailService
FNDA:3,(anonymous_20)
DA:2,1
DA:3,1
DA:6,1
DA:12,1
DA:15,3
DA:17,3
DA:19,3
DA:22,3
DA:23,3
DA:24,3
DA:25,1
DA:28,2
DA:30,2
DA:37,4
DA:52,1
LF:15
LH:15
BRDA:23,0,0,3
BRDA:24,1,0,1
BRDA:24,1,1,2
BRF:3
BRH:3
end_of_record
TN:
SF:src/modules/users/services/ShowProfileService.ts
FN:14,(anonymous_18)
FN:15,ShowProfileService
FN:19,(anonymous_20)
FNF:3
FNH:3
FNDA:1,(anonymous_18)
FNDA:2,ShowProfileService
FNDA:2,(anonymous_20)
DA:1,1
DA:4,1
DA:14,1
DA:17,2
DA:19,2
DA:20,2
DA:21,2
DA:22,1
DA:25,1
DA:29,1
LF:10
LH:10
BRDA:20,0,0,2
BRDA:21,1,0,1
BRDA:21,1,1,1
BRF:3
BRH:3
end_of_record
TN:
SF:src/modules/users/services/UpdateProfileService.ts
FN:17,(anonymous_18)
FN:18,UpdateProfile
FN:25,(anonymous_20)
FNF:3
FNH:3
FNDA:1,(anonymous_18)
FNDA:6,UpdateProfile
FNDA:6,(anonymous_20)
DA:3,1
DA:5,1
DA:17,1
DA:20,6
DA:22,6
DA:25,6
DA:26,6
DA:27,6
DA:28,1
DA:30,5
DA:33,5
DA:34,1
DA:36,4
DA:37,4
DA:38,4
DA:39,1
DA:41,4
DA:42,2
DA:46,2
DA:47,1
DA:49,1
DA:51,2
DA:54,1
LF:23
LH:23
BRDA:26,0,0,6
BRDA:26,0,1,2
BRDA:27,1,0,1
BRDA:27,1,1,5
BRDA:33,2,0,1
BRDA:33,2,1,4
BRDA:33,3,0,5
BRDA:33,3,1,1
BRDA:38,4,0,1
BRDA:38,4,1,3
BRDA:38,5,0,4
BRDA:38,5,1,3
BRDA:41,6,0,1
BRDA:41,6,1,2
BRDA:41,7,0,3
BRDA:41,7,1,2
BRDA:46,8,0,1
BRDA:46,8,1,1
BRF:18
BRH:18
end_of_record
TN:
SF:src/modules/users/services/UpdateUserAvatarService.ts
FN:13,(anonymous_18)
FN:14,UpdateUserAvatarService
FN:21,(anonymous_20)
FNF:3
FNH:3
FNDA:1,(anonymous_18)
FNDA:3,UpdateUserAvatarService
FNDA:4,(anonymous_20)
DA:3,1
DA:6,1
DA:13,1
DA:16,3
DA:18,3
DA:21,4
DA:23,4
DA:24,4
DA:25,1
DA:28,5
DA:29,2
DA:32,3
DA:33,3
DA:34,6
DA:36,3
DA:38,1
LF:16
LH:16
BRDA:23,0,0,4
BRDA:23,0,1,3
BRDA:24,1,0,1
BRDA:24,1,1,3
BRDA:28,2,0,2
BRDA:28,2,1,1
BRF:6
BRH:6
end_of_record
